<?xml version="1.0" encoding="UTF-8"?>
<!-- Generated by org.testng.reporters.JUnitReportReporter -->
<testsuite hostname="LAPTOP-N716SJOQ" failures="0" tests="20" name="TDD.Practicepage.Navigation" time="10.147" errors="0" timestamp="2021-07-12T18:35:15 IST" skipped="0">
  <testcase classname="TDD.Practicepage.Navigation" name="newWindow" time="1.341"/>
  <system-out/>
  <testcase classname="TDD.Practicepage.Navigation" name="alertWindow" time="0.095"/>
  <system-out/>
  <testcase classname="TDD.Practicepage.Navigation" name="datepicker" time="1.599"/>
  <system-out/>
  <testcase classname="TDD.Practicepage.Navigation" name="selectMenuSpeeds" time="0.541"/>
  <system-out/>
  <testcase classname="TDD.Practicepage.Navigation" name="selectMenuFiles" time="0.364"/>
  <system-out/>
  <testcase classname="TDD.Practicepage.Navigation" name="selectMenuNumber" time="0.377"/>
  <system-out/>
  <testcase classname="TDD.Practicepage.Navigation" name="textMenu" time="0.071"/>
  <system-out/>
  <testcase classname="TDD.Practicepage.Navigation" name="table" time="0.273"/>
  <system-out/>
  <testcase classname="TDD.Practicepage.Navigation" name="toolTip" time="0.304"/>
  <system-out/>
  <testcase classname="TDD.Practicepage.Navigation" name="lasttName" time="0.000"/>
  <system-out/>
  <testcase classname="TDD.Practicepage.Navigation" name="lasttName" time="0.000"/>
  <system-out/>
  <testcase classname="TDD.Practicepage.Navigation" name="lasttName" time="0.000"/>
  <system-out/>
  <testcase classname="TDD.Practicepage.Navigation" name="lasttName" time="0.000"/>
  <system-out/>
  <testcase classname="TDD.Practicepage.Navigation" name="phone" time="0.964"/>
  <system-out/>
  <testcase classname="TDD.Practicepage.Navigation" name="country" time="0.295"/>
  <system-out/>
  <testcase classname="TDD.Practicepage.Navigation" name="Doubleclick" time="0.184"/>
  <system-out/>
  <testcase classname="TDD.Practicepage.Navigation" name="dragAndDrop" time="0.420"/>
  <system-out/>
  <testcase classname="TDD.Practicepage.Navigation" name="sliders" time="0.427"/>
  <system-out/>
  <testcase classname="TDD.Practicepage.Navigation" name="resize" time="0.426"/>
  <system-out/>
  <testcase classname="TDD.Practicepage.Navigation" name="barcodes" time="2.466"/>
  <system-out/>
</testsuite> <!-- TDD.Practicepage.Navigation -->
