<?xml version="1.0" encoding="UTF-8"?>
<!-- Generated by org.testng.reporters.JUnitReportReporter -->
<testsuite hostname="LAPTOP-N716SJOQ" failures="0" tests="20" name="TDD.Practicepage.Navigation" time="8.878" errors="0" timestamp="2021-07-06T09:34:38 IST" skipped="0">
  <testcase classname="TDD.Practicepage.Navigation" name="newWindow" time="1.085"/>
  <system-out/>
  <testcase classname="TDD.Practicepage.Navigation" name="alertWindow" time="0.115"/>
  <system-out/>
  <testcase classname="TDD.Practicepage.Navigation" name="datepicker" time="1.591"/>
  <system-out/>
  <testcase classname="TDD.Practicepage.Navigation" name="selectMenuSpeeds" time="0.464"/>
  <system-out/>
  <testcase classname="TDD.Practicepage.Navigation" name="selectMenuFiles" time="0.326"/>
  <system-out/>
  <testcase classname="TDD.Practicepage.Navigation" name="selectMenuNumber" time="0.389"/>
  <system-out/>
  <testcase classname="TDD.Practicepage.Navigation" name="textMenu" time="0.092"/>
  <system-out/>
  <testcase classname="TDD.Practicepage.Navigation" name="table" time="0.291"/>
  <system-out/>
  <testcase classname="TDD.Practicepage.Navigation" name="toolTip" time="0.334"/>
  <system-out/>
  <testcase classname="TDD.Practicepage.Navigation" name="lasttName" time="0.002"/>
  <system-out/>
  <testcase classname="TDD.Practicepage.Navigation" name="lasttName" time="0.001"/>
  <system-out/>
  <testcase classname="TDD.Practicepage.Navigation" name="lasttName" time="0.002"/>
  <system-out/>
  <testcase classname="TDD.Practicepage.Navigation" name="lasttName" time="0.002"/>
  <system-out/>
  <testcase classname="TDD.Practicepage.Navigation" name="phone" time="0.926"/>
  <system-out/>
  <testcase classname="TDD.Practicepage.Navigation" name="country" time="0.309"/>
  <system-out/>
  <testcase classname="TDD.Practicepage.Navigation" name="Doubleclick" time="0.196"/>
  <system-out/>
  <testcase classname="TDD.Practicepage.Navigation" name="dragAndDrop" time="0.408"/>
  <system-out/>
  <testcase classname="TDD.Practicepage.Navigation" name="sliders" time="0.450"/>
  <system-out/>
  <testcase classname="TDD.Practicepage.Navigation" name="resize" time="0.467"/>
  <system-out/>
  <testcase classname="TDD.Practicepage.Navigation" name="barcodes" time="1.428"/>
  <system-out/>
</testsuite> <!-- TDD.Practicepage.Navigation -->
